<?xml version="1.0" encoding="UTF-8"?>
<!-- Generated by org.testng.reporters.JUnitReportReporter -->
<testsuite skipped="0" hostname="Sony-VAIO" name="Gitcheckout.Samplecheck.sampletest" tests="1" failures="0" timestamp="04 Jan 2018 19:12:03 GMT" time="12.363" errors="0">
  <testcase name="jenkins" time="12.363" classname="Gitcheckout.Samplecheck.sampletest"/>
</testsuite> <!-- Gitcheckout.Samplecheck.sampletest -->
